make all --print-data-base --no-builtin-variables --no-builtin-rules --question
# GNU Make 3.81
# Copyright (C) 2006  Free Software Foundation, Inc.
# This is free software; see the source for copying conditions.
# There is NO warranty; not even for MERCHANTABILITY or FITNESS FOR A
# PARTICULAR PURPOSE.

# This program built for i386-apple-darwin11.3.0
 

# Make data base, printed on Tue Jun 28 21:09:41 2022

# Variables

# automatic
<D = $(patsubst %/,%,$(dir $<))
# automatic
?F = $(notdir $?)
# environment
VSCODE_LOG_NATIVE = false
# environment
NVM_INC = /Users/snouae/.nvm/versions/node/v16.15.1/include/node
# automatic
?D = $(patsubst %/,%,$(dir $?))
# makefile (from `Makefile', line 16)
INCLUDES = -I includes/minishell.h -I /goinfre/snouae/.brew/opt/readline/include
# automatic
@D = $(patsubst %/,%,$(dir $@))
# automatic
@F = $(notdir $@)
# makefile
CURDIR := /Users/snouae/Desktop/Minishell
# makefile
SHELL = /bin/sh
# makefile (from `Makefile', line 18)
RM = rm -rf
# environment
VSCODE_NLS_CONFIG = {"locale":"en-us","availableLanguages":{},"_languagePackSupport":true}
# environment
_ = /usr/bin/make
# makefile (from `Makefile', line 1)
MAKEFILE_LIST :=  Makefile
# environment
VSCODE_VERBOSE_LOGGING = true
# makefile (from `Makefile', line 14)
OBJS = $(FILES:.c=.o)
# environment
VSCODE_IPC_HOOK_EXTHOST = /var/folders/zz/zyxvpxvq6csfxvn_n000cdvw0033fz/T/vscode-ipc-16f7138f-e5b7-4a69-a04c-0857c30e94a7.sock
# makefile (from `Makefile', line 17)
READLINE = -lreadline -L/goinfre/snouae/.brew/opt/readline/lib
# environment
VSCODE_CWD = /
# environment
PATH = /Users/snouae/goinfre/homebrew/bin:/Users/snouae/goinfre/.brew/bin:/usr/local/bin:/usr/bin:/bin:/usr/sbin:/sbin:/usr/local/munki
# environment
LSCOLORS = Gxfxcxdxbxegedabagacad
# environment
NVM_BIN = /Users/snouae/.nvm/versions/node/v16.15.1/bin
# environment
LaunchInstanceID = CFF5167A-3A47-4890-A9AD-2FA49AD4F994
# environment
VSCODE_LOG_STACK = false
# environment
ELECTRON_RUN_AS_NODE = 1
# default
.FEATURES := target-specific order-only second-expansion else-if archives jobserver check-symlink
# environment
SSH_AUTH_SOCK = /private/tmp/com.apple.launchd.pT9iBIv0ec/Listeners
# automatic
%F = $(notdir $%)
# environment
VSCODE_PIPE_LOGGING = true
# environment
PWD = /Users/snouae/Desktop/Minishell
# environment
ORIGINAL_XDG_CURRENT_DESKTOP = undefined
# environment
VSCODE_AMD_ENTRYPOINT = vs/workbench/api/node/extensionHostProcess
# environment
HOME = /Users/snouae
# default
MAKEFILEPATH = $(shell /usr/bin/xcode-select -print-path 2>/dev/null || echo /Developer)/Makefiles
# environment
VSCODE_CODE_CACHE_PATH = /Users/snouae/Library/Application Support/Code/CachedData/57fd6d0195bb9b9d1b49f6da5db789060795de47
# environment
LOGNAME = snouae
# environment
APPLICATION_INSIGHTS_NO_DIAGNOSTIC_CHANNEL = 1
# environment
NVM_CD_FLAGS = -q
# environment
ZSH = /Users/snouae/.oh-my-zsh
# environment
VSCODE_HANDLES_UNCAUGHT_ERRORS = true
# automatic
^D = $(patsubst %/,%,$(dir $^))
# environment
XPC_FLAGS = 0x0
# default
MAKE = $(MAKE_COMMAND)
# default
MAKECMDGOALS := all
# environment
SHLVL = 1
# makefile (from `Makefile', line 1)
CC = gcc
# default
MAKE_VERSION := 3.81
# environment
USER = snouae
# makefile
.DEFAULT_GOAL := all
# makefile (from `Makefile', line 15)
NAME = minishell
# environment
LESS = -R
# automatic
%D = $(patsubst %/,%,$(dir $%))
# default
MAKE_COMMAND := /Library/Developer/CommandLineTools/usr/bin/make
# default
.VARIABLES := 
# environment
TMPDIR = /var/folders/zz/zyxvpxvq6csfxvn_n000cdvw0033fz/T/
# automatic
*F = $(notdir $*)
# environment
VSCODE_IPC_HOOK = /Users/snouae/Library/Application Support/Code/1.67.0-main.sock
# makefile
MAKEFLAGS = Rrqp
# environment
MFLAGS = -Rrqp
# automatic
*D = $(patsubst %/,%,$(dir $*))
# environment
NVM_DIR = /Users/snouae/.nvm
# environment
XPC_SERVICE_NAME = com.apple.xpc.launchd.oneshot.0x10000005.Electron
# automatic
+D = $(patsubst %/,%,$(dir $+))
# automatic
+F = $(notdir $+)
# environment
__CF_USER_TEXT_ENCODING = 0x18DDF:0x0:0x0
# environment
COMMAND_MODE = unix2003
# default
MAKEFILES := 
# environment
HOMEBREW_NO_AUTO_UPDATE = 1
# automatic
<F = $(notdir $<)
# environment
PAGER = less
# environment
LC_ALL = C
# environment
SECURITYSESSIONID = 186a8
# automatic
^F = $(notdir $^)
# default
SUFFIXES := 
# makefile (from `Makefile', line 2)
FLAGS = 
# default
.INCLUDE_DIRS = /usr/local/include
# environment
MAKELEVEL := 0
# environment
LANG = C
# environment
VSCODE_PID = 2286
# makefile (from `Makefile', line 3)
FILES = srcs/parsing/main.c srcs/parsing/tools.c srcs/parsing/ft_lexer.c srcs/parsing/check_syntax.c srcs/parsing/parser.c srcs/parsing/ft_split.c srcs/parsing/expander.c srcs/parsing/ft_riderct.c srcs/parsing/ft_mark.c srcs/parsing/ft_free.c srcs/parsing/ft_quot.c srcs/parsing/ft_pars_redirect.c srcs/parsing/ft_dollar.c srcs/builtins/builtin_cd.c srcs/builtins/builtin_echo.c srcs/builtins/builtin_env.c srcs/builtins/builtin_exit.c srcs/builtins/builtin_export.c srcs/builtins/builtin_pwd.c srcs/builtins/builtin_root.c srcs/builtins/builtin_unset.c srcs/env/env_modify.c srcs/env/env.c srcs/exec/exec_utils.c srcs/exec/exec.c srcs/utils/builtin_utils.c srcs/utils/error.c srcs/libft/ft_isalnum.c srcs/libft/ft_memcpy.c srcs/libft/ft_putchar_fd.c srcs/libft/ft_putendl_fd.c srcs/libft/ft_putstr_fd.c  srcs/libft/ft_split.c srcs/libft/ft_strchr.c  srcs/libft/ft_substr.c srcs/libft/ft_strjoin.c srcs/libft/ft_strncmp.c srcs/libft/ft_strnstr.c srcs/libft/ft_strdup.c srcs/exec/save_io.c srcs/exec/ft_heredoc.c srcs/exec/ft_redirect.c 
# variable set hash-table stats:
# Load=80/1024=8%, Rehash=0, Collisions=3/114=3%

# Pattern-specific Variable Values

# No pattern-specific variable values.

# Directories

# srcs/builtins (device 16777225, inode 3591866): 18 files, no impossibilities so far.
# . (device 16777225, inode 3356740): 9 files, no impossibilities.
# srcs/env (device 16777225, inode 3591876): 5 files, no impossibilities so far.
# includes (device 16777225, inode 3482736): 4 files, no impossibilities so far.
# srcs/libft (device 16777225, inode 3508692): 25 files, no impossibilities so far.
 
# srcs/utils (device 16777225, inode 3591907): 5 files, no impossibilities so far.
# srcs/exec (device 16777225, inode 3508691): 12 files, no impossibilities so far.
# srcs/parsing (device 16777225, inode 3482773): 27 files, no impossibilities so far.

# 105 files, no impossibilities in 8 directories.

# Implicit Rules

%.o: %.c includes/minishell.h
#  commands to execute (from `Makefile', line 25):
	$(CC) $(FLAGS) -c $< -o $@ $(INCLUDES)
	

# 1 implicit rules, 0 (0.0%) terminal.

# Files

srcs/parsing/ft_split.o: srcs/parsing/ft_split.c includes/minishell.h
#  Implicit rule search has been done.
#  Implicit/static pattern stem: `srcs/parsing/ft_split'
#  Last modified 2022-06-28 21:07:35
#  File has been updated.
#  Successfully updated.
# variable set hash-table stats:
# Load=0/32=0%, Rehash=0, Collisions=0/0=0%
#  commands to execute (from `Makefile', line 25):
	$(CC) $(FLAGS) -c $< -o $@ $(INCLUDES)
	

# Not a target:
srcs/libft/ft_substr.c:
#  Implicit rule search has been done.
#  Last modified 2022-06-24 15:14:01
#  File has been updated.
#  Successfully updated.
# variable set hash-table stats:
# Load=0/32=0%, Rehash=0, Collisions=0/0=0%

srcs/builtins/builtin_root.o: srcs/builtins/builtin_root.c includes/minishell.h
#  Implicit rule search has been done.
#  Implicit/static pattern stem: `srcs/builtins/builtin_root'
#  Last modified 2022-06-28 21:07:36
#  File has been updated.
#  Successfully updated.
# variable set hash-table stats:
# Load=0/32=0%, Rehash=0, Collisions=0/0=0%
#  commands to execute (from `Makefile', line 25):
	$(CC) $(FLAGS) -c $< -o $@ $(INCLUDES)
	

# Not a target:
srcs/parsing/main.c:
#  Implicit rule search has been done.
#  Last modified 2022-06-28 11:29:34
#  File has been updated.
#  Successfully updated.
# variable set hash-table stats:
# Load=0/32=0%, Rehash=0, Collisions=0/0=0%

srcs/libft/ft_putchar_fd.o: srcs/libft/ft_putchar_fd.c includes/minishell.h
#  Implicit rule search has been done.
#  Implicit/static pattern stem: `srcs/libft/ft_putchar_fd'
#  Last modified 2022-06-28 21:07:36
#  File has been updated.
#  Successfully updated.
# variable set hash-table stats:
# Load=0/32=0%, Rehash=0, Collisions=0/0=0%
#  commands to execute (from `Makefile', line 25):
	$(CC) $(FLAGS) -c $< -o $@ $(INCLUDES)
	

# Not a target:
srcs/exec/exec.c:
#  Implicit rule search has been done.
#  Last modified 2022-06-27 19:41:13
#  File has been updated.
#  Successfully updated.
# variable set hash-table stats:
# Load=0/32=0%, Rehash=0, Collisions=0/0=0%

srcs/utils/error.o: srcs/utils/error.c includes/minishell.h
#  Implicit rule search has been done.
#  Implicit/static pattern stem: `srcs/utils/error'
#  Last modified 2022-06-28 21:07:36
#  File has been updated.
#  Successfully updated.
# variable set hash-table stats:
# Load=0/32=0%, Rehash=0, Collisions=0/0=0%
#  commands to execute (from `Makefile', line 25):
	$(CC) $(FLAGS) -c $< -o $@ $(INCLUDES)
	

all: minishell
#  Command-line target.
#  Implicit rule search has been done.
#  File does not exist.
#  File has been updated.
#  Needs to be updated (-q is set).
# variable set hash-table stats:
# Load=0/32=0%, Rehash=0, Collisions=0/6=0%

srcs/parsing/ft_mark.o: srcs/parsing/ft_mark.c includes/minishell.h
#  Implicit rule search has been done.
#  Implicit/static pattern stem: `srcs/parsing/ft_mark'
#  Last modified 2022-06-28 21:07:35
#  File has been updated.
#  Successfully updated.
# variable set hash-table stats:
# Load=0/32=0%, Rehash=0, Collisions=0/0=0%
#  commands to execute (from `Makefile', line 25):
	$(CC) $(FLAGS) -c $< -o $@ $(INCLUDES)
	

# Not a target:
srcs/builtins/builtin_env.c:
#  Implicit rule search has been done.
#  Last modified 2022-06-28 14:31:24
#  File has been updated.
#  Successfully updated.
# variable set hash-table stats:
# Load=0/32=0%, Rehash=0, Collisions=0/0=0%

# Not a target:
srcs/builtins/builtin_exit.c:
#  Implicit rule search has been done.
#  Last modified 2022-06-27 19:12:35
#  File has been updated.
#  Successfully updated.
# variable set hash-table stats:
# Load=0/32=0%, Rehash=0, Collisions=0/0=0%

srcs/libft/ft_putendl_fd.o: srcs/libft/ft_putendl_fd.c includes/minishell.h
#  Implicit rule search has been done.
#  Implicit/static pattern stem: `srcs/libft/ft_putendl_fd'
#  Last modified 2022-06-28 21:07:36
#  File has been updated.
#  Successfully updated.
# variable set hash-table stats:
# Load=0/32=0%, Rehash=0, Collisions=0/0=0%
#  commands to execute (from `Makefile', line 25):
	$(CC) $(FLAGS) -c $< -o $@ $(INCLUDES)
	

# Not a target:
srcs/exec/ft_redirect.c:
#  Implicit rule search has been done.
#  Last modified 2022-06-27 19:12:35
#  File has been updated.
#  Successfully updated.
# variable set hash-table stats:
# Load=0/32=0%, Rehash=0, Collisions=0/0=0%

# Not a target:
srcs/libft/ft_strncmp.c:
#  Implicit rule search has been done.
#  Last modified 2022-06-24 15:14:01
#  File has been updated.
#  Successfully updated.
# variable set hash-table stats:
# Load=0/32=0%, Rehash=0, Collisions=0/0=0%

srcs/env/env_modify.o: srcs/env/env_modify.c includes/minishell.h
#  Implicit rule search has been done.
#  Implicit/static pattern stem: `srcs/env/env_modify'
#  Last modified 2022-06-28 21:07:36
#  File has been updated.
#  Successfully updated.
# variable set hash-table stats:
# Load=0/32=0%, Rehash=0, Collisions=0/0=0%
#  commands to execute (from `Makefile', line 25):
	$(CC) $(FLAGS) -c $< -o $@ $(INCLUDES)
	

# Not a target:
srcs/libft/ft_isalnum.c:
#  Implicit rule search has been done.
#  Last modified 2022-06-24 15:14:01
#  File has been updated.
#  Successfully updated.
# variable set hash-table stats:
# Load=0/32=0%, Rehash=0, Collisions=0/0=0%

srcs/libft/ft_memcpy.o: srcs/libft/ft_memcpy.c includes/minishell.h
#  Implicit rule search has been done.
#  Implicit/static pattern stem: `srcs/libft/ft_memcpy'
#  Last modified 2022-06-28 21:07:36
#  File has been updated.
#  Successfully updated.
# variable set hash-table stats:
# Load=0/32=0%, Rehash=0, Collisions=0/0=0%
#  commands to execute (from `Makefile', line 25):
	$(CC) $(FLAGS) -c $< -o $@ $(INCLUDES)
	

srcs/builtins/builtin_cd.o: srcs/builtins/builtin_cd.c includes/minishell.h
#  Implicit rule search has been done.
#  Implicit/static pattern stem: `srcs/builtins/builtin_cd'
#  Last modified 2022-06-28 21:07:36
#  File has been updated.
#  Successfully updated.
# variable set hash-table stats:
# Load=0/32=0%, Rehash=0, Collisions=0/0=0%
#  commands to execute (from `Makefile', line 25):
	$(CC) $(FLAGS) -c $< -o $@ $(INCLUDES)
	

# Not a target:
srcs/libft/ft_strdup.c:
#  Implicit rule search has been done.
#  Last modified 2022-06-24 15:14:01
#  File has been updated.
#  Successfully updated.
# variable set hash-table stats:
# Load=0/32=0%, Rehash=0, Collisions=0/0=0%

# Not a target:
srcs/builtins/builtin_pwd.c:
#  Implicit rule search has been done.
#  Last modified 2022-06-27 19:12:35
#  File has been updated.
#  Successfully updated.
# variable set hash-table stats:
# Load=0/32=0%, Rehash=0, Collisions=0/0=0%

# Not a target:
srcs/env/env.c:
#  Implicit rule search has been done.
#  Last modified 2022-06-27 19:34:29
#  File has been updated.
#  Successfully updated.
# variable set hash-table stats:
# Load=0/32=0%, Rehash=0, Collisions=0/0=0%

# Not a target:
.SUFFIXES:
#  Implicit rule search has not been done.
#  Modification time never checked.
#  File has not been updated.

# Not a target:
srcs/libft/ft_strchr.c:
#  Implicit rule search has been done.
#  Last modified 2022-06-24 15:14:01
#  File has been updated.
#  Successfully updated.
# variable set hash-table stats:
# Load=0/32=0%, Rehash=0, Collisions=0/0=0%

# Not a target:
Makefile:
#  Implicit rule search has been done.
#  Last modified 2022-06-28 21:09:23
#  File has been updated.
#  Successfully updated.
# variable set hash-table stats:
# Load=0/32=0%, Rehash=0, Collisions=0/0=0%

# Not a target:
srcs/parsing/ft_pars_redirect.c:
#  Implicit rule search has been done.
#  Last modified 2022-06-28 21:08:14
#  File has been updated.
#  Successfully updated.
# variable set hash-table stats:
# Load=0/32=0%, Rehash=0, Collisions=0/0=0%

# Not a target:
srcs/builtins/builtin_unset.c:
 
#  Implicit rule search has been done.
#  Last modified 2022-06-27 19:12:35
#  File has been updated.
#  Successfully updated.
# variable set hash-table stats:
# Load=0/32=0%, Rehash=0, Collisions=0/0=0%

srcs/parsing/expander.o: srcs/parsing/expander.c includes/minishell.h
#  Implicit rule search has been done.
#  Implicit/static pattern stem: `srcs/parsing/expander'
#  Last modified 2022-06-28 21:07:35
#  File has been updated.
#  Successfully updated.
# variable set hash-table stats:
# Load=0/32=0%, Rehash=0, Collisions=0/0=0%
#  commands to execute (from `Makefile', line 25):
	$(CC) $(FLAGS) -c $< -o $@ $(INCLUDES)
	

srcs/parsing/ft_lexer.o: srcs/parsing/ft_lexer.c includes/minishell.h
#  Implicit rule search has been done.
#  Implicit/static pattern stem: `srcs/parsing/ft_lexer'
#  Last modified 2022-06-28 21:07:35
#  File has been updated.
#  Successfully updated.
# variable set hash-table stats:
# Load=0/32=0%, Rehash=0, Collisions=0/0=0%
#  commands to execute (from `Makefile', line 25):
	$(CC) $(FLAGS) -c $< -o $@ $(INCLUDES)
	

srcs/exec/save_io.o: srcs/exec/save_io.c includes/minishell.h
#  Implicit rule search has been done.
#  Implicit/static pattern stem: `srcs/exec/save_io'
#  Last modified 2022-06-28 21:07:37
#  File has been updated.
#  Successfully updated.
# variable set hash-table stats:
# Load=0/32=0%, Rehash=0, Collisions=0/0=0%
#  commands to execute (from `Makefile', line 25):
	$(CC) $(FLAGS) -c $< -o $@ $(INCLUDES)
	

# Not a target:
srcs/libft/ft_strnstr.c:
#  Implicit rule search has been done.
#  Last modified 2022-06-24 15:14:01
#  File has been updated.
#  Successfully updated.
# variable set hash-table stats:
# Load=0/32=0%, Rehash=0, Collisions=0/0=0%

# Not a target:
srcs/parsing/ft_quot.c:
#  Implicit rule search has been done.
#  Last modified 2022-06-28 12:35:45
#  File has been updated.
#  Successfully updated.
# variable set hash-table stats:
# Load=0/32=0%, Rehash=0, Collisions=0/0=0%

# Not a target:
srcs/libft/ft_putstr_fd.c:
#  Implicit rule search has been done.
#  Last modified 2022-06-24 15:14:01
#  File has been updated.
#  Successfully updated.
# variable set hash-table stats:
# Load=0/32=0%, Rehash=0, Collisions=0/0=0%

srcs/libft/ft_strjoin.o: srcs/libft/ft_strjoin.c includes/minishell.h
#  Implicit rule search has been done.
#  Implicit/static pattern stem: `srcs/libft/ft_strjoin'
#  Last modified 2022-06-28 21:07:37
#  File has been updated.
#  Successfully updated.
# variable set hash-table stats:
# Load=0/32=0%, Rehash=0, Collisions=0/0=0%
#  commands to execute (from `Makefile', line 25):
	$(CC) $(FLAGS) -c $< -o $@ $(INCLUDES)
	

srcs/libft/ft_split.o: srcs/libft/ft_split.c includes/minishell.h
#  Implicit rule search has been done.
#  Implicit/static pattern stem: `srcs/libft/ft_split'
#  Last modified 2022-06-28 21:07:37
#  File has been updated.
#  Successfully updated.
# variable set hash-table stats:
# Load=0/32=0%, Rehash=0, Collisions=0/0=0%
#  commands to execute (from `Makefile', line 25):
	$(CC) $(FLAGS) -c $< -o $@ $(INCLUDES)
	

srcs/exec/exec_utils.o: srcs/exec/exec_utils.c includes/minishell.h
#  Implicit rule search has been done.
#  Implicit/static pattern stem: `srcs/exec/exec_utils'
#  Last modified 2022-06-28 21:07:36
#  File has been updated.
#  Successfully updated.
# variable set hash-table stats:
# Load=0/32=0%, Rehash=0, Collisions=0/0=0%
#  commands to execute (from `Makefile', line 25):
	$(CC) $(FLAGS) -c $< -o $@ $(INCLUDES)
	

# Not a target:
srcs/parsing/ft_split.c:
#  Implicit rule search has been done.
#  Last modified 2022-06-20 18:20:25
#  File has been updated.
#  Successfully updated.
# variable set hash-table stats:
# Load=0/32=0%, Rehash=0, Collisions=0/0=0%

# Not a target:
srcs/libft/ft_memcpy.c:
#  Implicit rule search has been done.
#  Last modified 2022-06-24 15:14:01
#  File has been updated.
#  Successfully updated.
# variable set hash-table stats:
# Load=0/32=0%, Rehash=0, Collisions=0/0=0%

# Not a target:
srcs/builtins/builtin_root.c:
#  Implicit rule search has been done.
#  Last modified 2022-06-28 14:44:26
#  File has been updated.
#  Successfully updated.
# variable set hash-table stats:
# Load=0/32=0%, Rehash=0, Collisions=0/0=0%

srcs/exec/ft_heredoc.o: srcs/exec/ft_heredoc.c includes/minishell.h
#  Implicit rule search has been done.
#  Implicit/static pattern stem: `srcs/exec/ft_heredoc'
#  Last modified 2022-06-28 21:07:37
#  File has been updated.
#  Successfully updated.
# variable set hash-table stats:
# Load=0/32=0%, Rehash=0, Collisions=0/0=0%
#  commands to execute (from `Makefile', line 25):
	$(CC) $(FLAGS) -c $< -o $@ $(INCLUDES)
	

# Not a target:
srcs/libft/ft_putchar_fd.c:
#  Implicit rule search has been done.
#  Last modified 2022-06-24 15:14:01
#  File has been updated.
#  Successfully updated.
# variable set hash-table stats:
# Load=0/32=0%, Rehash=0, Collisions=0/0=0%

minishell: srcs/parsing/main.o srcs/parsing/tools.o srcs/parsing/ft_lexer.o srcs/parsing/check_syntax.o srcs/parsing/parser.o srcs/parsing/ft_split.o srcs/parsing/expander.o srcs/parsing/ft_riderct.o srcs/parsing/ft_mark.o srcs/parsing/ft_free.o srcs/parsing/ft_quot.o srcs/parsing/ft_pars_redirect.o srcs/parsing/ft_dollar.o srcs/builtins/builtin_cd.o srcs/builtins/builtin_echo.o srcs/builtins/builtin_env.o srcs/builtins/builtin_exit.o srcs/builtins/builtin_export.o srcs/builtins/builtin_pwd.o srcs/builtins/builtin_root.o srcs/builtins/builtin_unset.o srcs/env/env_modify.o srcs/env/env.o srcs/exec/exec_utils.o srcs/exec/exec.o srcs/utils/builtin_utils.o srcs/utils/error.o srcs/libft/ft_isalnum.o srcs/libft/ft_memcpy.o srcs/libft/ft_putchar_fd.o srcs/libft/ft_putendl_fd.o srcs/libft/ft_putstr_fd.o srcs/libft/ft_split.o srcs/libft/ft_strchr.o srcs/libft/ft_substr.o srcs/libft/ft_strjoin.o srcs/libft/ft_strncmp.o srcs/libft/ft_strnstr.o srcs/libft/ft_strdup.o srcs/exec/save_io.o srcs/exec/ft_heredoc.o srcs/exec/ft_redirect.o
#  Implicit rule search has not been done.
#  Implicit/static pattern stem: `'
#  File does not exist.
#  File has been updated.
#  Needs to be updated (-q is set).
# automatic
# @ := minishell
# automatic
# % := 
# automatic
# * := 
# automatic
# + := srcs/parsing/main.o srcs/parsing/tools.o srcs/parsing/ft_lexer.o srcs/parsing/check_syntax.o srcs/parsing/parser.o srcs/parsing/ft_split.o srcs/parsing/expander.o srcs/parsing/ft_riderct.o srcs/parsing/ft_mark.o srcs/parsing/ft_free.o srcs/parsing/ft_quot.o srcs/parsing/ft_pars_redirect.o srcs/parsing/ft_dollar.o srcs/builtins/builtin_cd.o srcs/builtins/builtin_echo.o srcs/builtins/builtin_env.o srcs/builtins/builtin_exit.o srcs/builtins/builtin_export.o srcs/builtins/builtin_pwd.o srcs/builtins/builtin_root.o srcs/builtins/builtin_unset.o srcs/env/env_modify.o srcs/env/env.o srcs/exec/exec_utils.o srcs/exec/exec.o srcs/utils/builtin_utils.o srcs/utils/error.o srcs/libft/ft_isalnum.o srcs/libft/ft_memcpy.o srcs/libft/ft_putchar_fd.o srcs/libft/ft_putendl_fd.o srcs/libft/ft_putstr_fd.o srcs/libft/ft_split.o srcs/libft/ft_strchr.o srcs/libft/ft_substr.o srcs/libft/ft_strjoin.o srcs/libft/ft_strncmp.o srcs/libft/ft_strnstr.o srcs/libft/ft_strdup.o srcs/exec/save_io.o srcs/exec/ft_heredoc.o srcs/exec/ft_redirect.o
# automatic
# | := 
# automatic
# < := srcs/parsing/main.o
# automatic
 
# ^ := srcs/parsing/main.o srcs/parsing/tools.o srcs/parsing/ft_lexer.o srcs/parsing/check_syntax.o srcs/parsing/parser.o srcs/parsing/ft_split.o srcs/parsing/expander.o srcs/parsing/ft_riderct.o srcs/parsing/ft_mark.o srcs/parsing/ft_free.o srcs/parsing/ft_quot.o srcs/parsing/ft_pars_redirect.o srcs/parsing/ft_dollar.o srcs/builtins/builtin_cd.o srcs/builtins/builtin_echo.o srcs/builtins/builtin_env.o srcs/builtins/builtin_exit.o srcs/builtins/builtin_export.o srcs/builtins/builtin_pwd.o srcs/builtins/builtin_root.o srcs/builtins/builtin_unset.o srcs/env/env_modify.o srcs/env/env.o srcs/exec/exec_utils.o srcs/exec/exec.o srcs/utils/builtin_utils.o srcs/utils/error.o srcs/libft/ft_isalnum.o srcs/libft/ft_memcpy.o srcs/libft/ft_putchar_fd.o srcs/libft/ft_putendl_fd.o srcs/libft/ft_putstr_fd.o srcs/libft/ft_split.o srcs/libft/ft_strchr.o srcs/libft/ft_substr.o srcs/libft/ft_strjoin.o srcs/libft/ft_strncmp.o srcs/libft/ft_strnstr.o srcs/libft/ft_strdup.o srcs/exec/save_io.o srcs/exec/ft_heredoc.o srcs/exec/ft_redirect.o
# automatic
# ? := srcs/parsing/main.o srcs/parsing/tools.o srcs/parsing/ft_lexer.o srcs/parsing/check_syntax.o srcs/parsing/parser.o srcs/parsing/ft_split.o srcs/parsing/expander.o srcs/parsing/ft_riderct.o srcs/parsing/ft_mark.o srcs/parsing/ft_free.o srcs/parsing/ft_quot.o srcs/parsing/ft_pars_redirect.o srcs/parsing/ft_dollar.o srcs/builtins/builtin_cd.o srcs/builtins/builtin_echo.o srcs/builtins/builtin_env.o srcs/builtins/builtin_exit.o srcs/builtins/builtin_export.o srcs/builtins/builtin_pwd.o srcs/builtins/builtin_root.o srcs/builtins/builtin_unset.o srcs/env/env_modify.o srcs/env/env.o srcs/exec/exec_utils.o srcs/exec/exec.o srcs/utils/builtin_utils.o srcs/utils/error.o srcs/libft/ft_isalnum.o srcs/libft/ft_memcpy.o srcs/libft/ft_putchar_fd.o srcs/libft/ft_putendl_fd.o srcs/libft/ft_putstr_fd.o srcs/libft/ft_split.o srcs/libft/ft_strchr.o srcs/libft/ft_substr.o srcs/libft/ft_strjoin.o srcs/libft/ft_strncmp.o srcs/libft/ft_strnstr.o srcs/libft/ft_strdup.o srcs/exec/save_io.o srcs/exec/ft_heredoc.o srcs/exec/ft_redirect.o
# variable set hash-table stats:
# Load=8/32=25%, Rehash=0, Collisions=2/15=13%
#  commands to execute (from `Makefile', line 22):
	$(CC) $(FLAGS) $^ $(READLINE)  -o $(NAME)
	

srcs/utils/builtin_utils.o: srcs/utils/builtin_utils.c includes/minishell.h
#  Implicit rule search has been done.
#  Implicit/static pattern stem: `srcs/utils/builtin_utils'
#  Last modified 2022-06-28 21:07:36
#  File has been updated.
#  Successfully updated.
# variable set hash-table stats:
# Load=0/32=0%, Rehash=0, Collisions=0/0=0%
#  commands to execute (from `Makefile', line 25):
	$(CC) $(FLAGS) -c $< -o $@ $(INCLUDES)
	

# Not a target:
srcs/utils/error.c:
#  Implicit rule search has been done.
#  Last modified 2022-06-28 10:38:49
#  File has been updated.
#  Successfully updated.
# variable set hash-table stats:
# Load=0/32=0%, Rehash=0, Collisions=0/0=0%

srcs/builtins/builtin_echo.o: srcs/builtins/builtin_echo.c includes/minishell.h
#  Implicit rule search has been done.
#  Implicit/static pattern stem: `srcs/builtins/builtin_echo'
#  Last modified 2022-06-28 21:07:36
#  File has been updated.
#  Successfully updated.
# variable set hash-table stats:
# Load=0/32=0%, Rehash=0, Collisions=0/0=0%
#  commands to execute (from `Makefile', line 25):
	$(CC) $(FLAGS) -c $< -o $@ $(INCLUDES)
	

fclean: clean
#  Implicit rule search has not been done.
#  Modification time never checked.
#  File has not been updated.
#  commands to execute (from `Makefile', line 31):
	$(RM) $(NAME)
	

srcs/builtins/builtin_export.o: srcs/builtins/builtin_export.c includes/minishell.h
#  Implicit rule search has been done.
#  Implicit/static pattern stem: `srcs/builtins/builtin_export'
#  Last modified 2022-06-28 21:07:36
#  File has been updated.
#  Successfully updated.
# variable set hash-table stats:
# Load=0/32=0%, Rehash=0, Collisions=0/0=0%
#  commands to execute (from `Makefile', line 25):
	$(CC) $(FLAGS) -c $< -o $@ $(INCLUDES)
	

srcs/parsing/ft_riderct.o: srcs/parsing/ft_riderct.c includes/minishell.h
#  Implicit rule search has been done.
#  Implicit/static pattern stem: `srcs/parsing/ft_riderct'
#  Last modified 2022-06-28 21:07:35
#  File has been updated.
#  Successfully updated.
# variable set hash-table stats:
# Load=0/32=0%, Rehash=0, Collisions=0/0=0%
#  commands to execute (from `Makefile', line 25):
	$(CC) $(FLAGS) -c $< -o $@ $(INCLUDES)
	

# Not a target:
srcs/libft/ft_putendl_fd.c:
#  Implicit rule search has been done.
#  Last modified 2022-06-24 15:14:01
#  File has been updated.
#  Successfully updated.
# variable set hash-table stats:
# Load=0/32=0%, Rehash=0, Collisions=0/0=0%

srcs/parsing/parser.o: srcs/parsing/parser.c includes/minishell.h
#  Implicit rule search has been done.
#  Implicit/static pattern stem: `srcs/parsing/parser'
#  Last modified 2022-06-28 21:07:35
#  File has been updated.
#  Successfully updated.
# variable set hash-table stats:
# Load=0/32=0%, Rehash=0, Collisions=0/0=0%
#  commands to execute (from `Makefile', line 25):
	$(CC) $(FLAGS) -c $< -o $@ $(INCLUDES)
	

# Not a target:
srcs/parsing/ft_mark.c:
#  Implicit rule search has been done.
#  Last modified 2022-06-28 17:18:07
#  File has been updated.
#  Successfully updated.
# variable set hash-table stats:
# Load=0/32=0%, Rehash=0, Collisions=0/0=0%

# Not a target:
srcs/env/env_modify.c:
#  Implicit rule search has been done.
#  Last modified 2022-06-28 15:34:40
#  File has been updated.
#  Successfully updated.
# variable set hash-table stats:
# Load=0/32=0%, Rehash=0, Collisions=0/0=0%

srcs/parsing/tools.o: srcs/parsing/tools.c includes/minishell.h
#  Implicit rule search has been done.
#  Implicit/static pattern stem: `srcs/parsing/tools'
#  Last modified 2022-06-28 21:07:35
#  File has been updated.
#  Successfully updated.
# variable set hash-table stats:
# Load=0/32=0%, Rehash=0, Collisions=0/0=0%
#  commands to execute (from `Makefile', line 25):
	$(CC) $(FLAGS) -c $< -o $@ $(INCLUDES)
	

# Not a target:
srcs/builtins/builtin_cd.c:
#  Implicit rule search has been done.
#  Last modified 2022-06-27 19:12:35
#  File has been updated.
#  Successfully updated.
# variable set hash-table stats:
# Load=0/32=0%, Rehash=0, Collisions=0/0=0%

srcs/parsing/ft_free.o: srcs/parsing/ft_free.c includes/minishell.h
#  Implicit rule search has been done.
#  Implicit/static pattern stem: `srcs/parsing/ft_free'
#  Last modified 2022-06-28 21:07:35
#  File has been updated.
#  Successfully updated.
# variable set hash-table stats:
# Load=0/32=0%, Rehash=0, Collisions=0/0=0%
#  commands to execute (from `Makefile', line 25):
	$(CC) $(FLAGS) -c $< -o $@ $(INCLUDES)
	

# Not a target:
.DEFAULT:
#  Implicit rule search has not been done.
#  Modification time never checked.
#  File has not been updated.

srcs/parsing/check_syntax.o: srcs/parsing/check_syntax.c includes/minishell.h
#  Implicit rule search has been done.
#  Implicit/static pattern stem: `srcs/parsing/check_syntax'
#  Last modified 2022-06-28 21:07:35
#  File has been updated.
#  Successfully updated.
# variable set hash-table stats:
# Load=0/32=0%, Rehash=0, Collisions=0/0=0%
#  commands to execute (from `Makefile', line 25):
	$(CC) $(FLAGS) -c $< -o $@ $(INCLUDES)
	

srcs/parsing/ft_dollar.o: srcs/parsing/ft_dollar.c includes/minishell.h
#  Implicit rule search has been done.
#  Implicit/static pattern stem: `srcs/parsing/ft_dollar'
#  Last modified 2022-06-28 21:07:36
#  File has been updated.
#  Successfully updated.
# variable set hash-table stats:
# Load=0/32=0%, Rehash=0, Collisions=0/0=0%
#  commands to execute (from `Makefile', line 25):
	$(CC) $(FLAGS) -c $< -o $@ $(INCLUDES)
	

# Not a target:
srcs/parsing/expander.c:
#  Implicit rule search has been done.
#  Last modified 2022-06-28 10:41:51
#  File has been updated.
#  Successfully updated.
# variable set hash-table stats:
# Load=0/32=0%, Rehash=0, Collisions=0/0=0%

# Not a target:
srcs/parsing/ft_lexer.c:
#  Implicit rule search has been done.
#  Last modified 2022-06-28 16:47:32
#  File has been updated.
#  Successfully updated.
# variable set hash-table stats:
# Load=0/32=0%, Rehash=0, Collisions=0/0=0%

# Not a target:
 
srcs/exec/save_io.c:
#  Implicit rule search has been done.
#  Last modified 2022-06-24 15:14:01
#  File has been updated.
#  Successfully updated.
# variable set hash-table stats:
# Load=0/32=0%, Rehash=0, Collisions=0/0=0%

clean:
#  Implicit rule search has not been done.
#  Modification time never checked.
#  File has not been updated.
#  commands to execute (from `Makefile', line 28):
	$(RM) $(OBJS)
	

srcs/libft/ft_substr.o: srcs/libft/ft_substr.c includes/minishell.h
#  Implicit rule search has been done.
#  Implicit/static pattern stem: `srcs/libft/ft_substr'
#  Last modified 2022-06-28 21:07:37
#  File has been updated.
#  Successfully updated.
# variable set hash-table stats:
# Load=0/32=0%, Rehash=0, Collisions=0/0=0%
#  commands to execute (from `Makefile', line 25):
	$(CC) $(FLAGS) -c $< -o $@ $(INCLUDES)
	

srcs/parsing/main.o: srcs/parsing/main.c includes/minishell.h
#  Implicit rule search has been done.
#  Implicit/static pattern stem: `srcs/parsing/main'
#  Last modified 2022-06-28 21:07:35
#  File has been updated.
#  Successfully updated.
# variable set hash-table stats:
# Load=0/32=0%, Rehash=0, Collisions=0/0=0%
#  commands to execute (from `Makefile', line 25):
	$(CC) $(FLAGS) -c $< -o $@ $(INCLUDES)
	

# Not a target:
srcs/libft/ft_strjoin.c:
#  Implicit rule search has been done.
#  Last modified 2022-06-24 15:14:01
#  File has been updated.
#  Successfully updated.
# variable set hash-table stats:
# Load=0/32=0%, Rehash=0, Collisions=0/0=0%

# Not a target:
srcs/libft/ft_split.c:
#  Implicit rule search has been done.
#  Last modified 2022-06-24 15:14:01
#  File has been updated.
#  Successfully updated.
# variable set hash-table stats:
# Load=0/32=0%, Rehash=0, Collisions=0/0=0%

# Not a target:
srcs/exec/exec_utils.c:
#  Implicit rule search has been done.
#  Last modified 2022-06-27 20:02:06
#  File has been updated.
#  Successfully updated.
# variable set hash-table stats:
# Load=0/32=0%, Rehash=0, Collisions=0/0=0%

srcs/exec/exec.o: srcs/exec/exec.c includes/minishell.h
#  Implicit rule search has been done.
#  Implicit/static pattern stem: `srcs/exec/exec'
#  Last modified 2022-06-28 21:07:36
#  File has been updated.
#  Successfully updated.
# variable set hash-table stats:
# Load=0/32=0%, Rehash=0, Collisions=0/0=0%
#  commands to execute (from `Makefile', line 25):
	$(CC) $(FLAGS) -c $< -o $@ $(INCLUDES)
	

# Not a target:
srcs/exec/ft_heredoc.c:
#  Implicit rule search has been done.
#  Last modified 2022-06-28 17:14:32
#  File has been updated.
#  Successfully updated.
# variable set hash-table stats:
# Load=0/32=0%, Rehash=0, Collisions=0/0=0%

# Not a target:
srcs/utils/builtin_utils.c:
#  Implicit rule search has been done.
#  Last modified 2022-06-28 15:31:33
#  File has been updated.
#  Successfully updated.
# variable set hash-table stats:
# Load=0/32=0%, Rehash=0, Collisions=0/0=0%

srcs/builtins/builtin_env.o: srcs/builtins/builtin_env.c includes/minishell.h
#  Implicit rule search has been done.
#  Implicit/static pattern stem: `srcs/builtins/builtin_env'
#  Last modified 2022-06-28 21:07:36
#  File has been updated.
#  Successfully updated.
# variable set hash-table stats:
# Load=0/32=0%, Rehash=0, Collisions=0/0=0%
#  commands to execute (from `Makefile', line 25):
	$(CC) $(FLAGS) -c $< -o $@ $(INCLUDES)
	

# Not a target:
srcs/builtins/builtin_echo.c:
#  Implicit rule search has been done.
#  Last modified 2022-06-27 19:12:35
#  File has been updated.
#  Successfully updated.
# variable set hash-table stats:
# Load=0/32=0%, Rehash=0, Collisions=0/0=0%

srcs/builtins/builtin_exit.o: srcs/builtins/builtin_exit.c includes/minishell.h
#  Implicit rule search has been done.
#  Implicit/static pattern stem: `srcs/builtins/builtin_exit'
#  Last modified 2022-06-28 21:07:36
#  File has been updated.
#  Successfully updated.
# variable set hash-table stats:
# Load=0/32=0%, Rehash=0, Collisions=0/0=0%
#  commands to execute (from `Makefile', line 25):
	$(CC) $(FLAGS) -c $< -o $@ $(INCLUDES)
	

srcs/exec/ft_redirect.o: srcs/exec/ft_redirect.c includes/minishell.h
#  Implicit rule search has been done.
#  Implicit/static pattern stem: `srcs/exec/ft_redirect'
#  Last modified 2022-06-28 21:07:37
#  File has been updated.
#  Successfully updated.
# variable set hash-table stats:
# Load=0/32=0%, Rehash=0, Collisions=0/0=0%
#  commands to execute (from `Makefile', line 25):
	$(CC) $(FLAGS) -c $< -o $@ $(INCLUDES)
	

srcs/libft/ft_strncmp.o: srcs/libft/ft_strncmp.c includes/minishell.h
#  Implicit rule search has been done.
#  Implicit/static pattern stem: `srcs/libft/ft_strncmp'
#  Last modified 2022-06-28 21:07:37
#  File has been updated.
#  Successfully updated.
# variable set hash-table stats:
# Load=0/32=0%, Rehash=0, Collisions=0/0=0%
#  commands to execute (from `Makefile', line 25):
	$(CC) $(FLAGS) -c $< -o $@ $(INCLUDES)
	

# Not a target:
srcs/builtins/builtin_export.c:
#  Implicit rule search has been done.
#  Last modified 2022-06-28 16:37:21
#  File has been updated.
#  Successfully updated.
# variable set hash-table stats:
# Load=0/32=0%, Rehash=0, Collisions=0/0=0%

# Not a target:
srcs/parsing/ft_riderct.c:
#  Implicit rule search has been done.
#  Last modified 2022-06-28 11:21:34
#  File has been updated.
#  Successfully updated.
# variable set hash-table stats:
# Load=0/32=0%, Rehash=0, Collisions=0/0=0%

srcs/libft/ft_isalnum.o: srcs/libft/ft_isalnum.c includes/minishell.h
#  Implicit rule search has been done.
#  Implicit/static pattern stem: `srcs/libft/ft_isalnum'
#  Last modified 2022-06-28 21:07:36
#  File has been updated.
#  Successfully updated.
# variable set hash-table stats:
# Load=0/32=0%, Rehash=0, Collisions=0/0=0%
#  commands to execute (from `Makefile', line 25):
	$(CC) $(FLAGS) -c $< -o $@ $(INCLUDES)
	

# Not a target:
srcs/parsing/parser.c:
#  Implicit rule search has been done.
#  Last modified 2022-06-28 20:40:17
#  File has been updated.
#  Successfully updated.
# variable set hash-table stats:
# Load=0/32=0%, Rehash=0, Collisions=0/0=0%

srcs/libft/ft_strdup.o: srcs/libft/ft_strdup.c includes/minishell.h
#  Implicit rule search has been done.
#  Implicit/static pattern stem: `srcs/libft/ft_strdup'
#  Last modified 2022-06-28 21:07:37
#  File has been updated.
#  Successfully updated.
# variable set hash-table stats:
# Load=0/32=0%, Rehash=0, Collisions=0/0=0%
#  commands to execute (from `Makefile', line 25):
	$(CC) $(FLAGS) -c $< -o $@ $(INCLUDES)
	

# Not a target:
includes/minishell.h:
#  Implicit rule search has been done.
#  Last modified 2022-06-28 21:06:26
#  File has been updated.
#  Successfully updated.
# variable set hash-table stats:
# Load=0/32=0%, Rehash=0, Collisions=0/0=0%

srcs/builtins/builtin_pwd.o: srcs/builtins/builtin_pwd.c includes/minishell.h
#  Implicit rule search has been done.
#  Implicit/static pattern stem: `srcs/builtins/builtin_pwd'
#  Last modified 2022-06-28 21:07:36
#  File has been updated.
#  Successfully updated.
# variable set hash-table stats:
# Load=0/32=0%, Rehash=0, Collisions=0/0=0%
#  commands to execute (from `Makefile', line 25):
	$(CC) $(FLAGS) -c $< -o $@ $(INCLUDES)
	

srcs/env/env.o: srcs/env/env.c includes/minishell.h
#  Implicit rule search has been done.
#  Implicit/static pattern stem: `srcs/env/env'
#  Last modified 2022-06-28 21:07:36
#  File has been updated.
#  Successfully updated.
# variable set hash-table stats:
# Load=0/32=0%, Rehash=0, Collisions=0/0=0%
#  commands to execute (from `Makefile', line 25):
	$(CC) $(FLAGS) -c $< -o $@ $(INCLUDES)
	

srcs/libft/ft_strchr.o: srcs/libft/ft_strchr.c includes/minishell.h
#  Implicit rule search has been done.
#  Implicit/static pattern stem: `srcs/libft/ft_strchr'
#  Last modified 2022-06-28 21:07:37
#  File has been updated.
#  Successfully updated.
# variable set hash-table stats:
# Load=0/32=0%, Rehash=0, Collisions=0/0=0%
#  commands to execute (from `Makefile', line 25):
	$(CC) $(FLAGS) -c $< -o $@ $(INCLUDES)
	

# Not a target:
srcs/parsing/tools.c:
#  Implicit rule search has been done.
#  Last modified 2022-06-28 11:16:21
#  File has been updated.
#  Successfully updated.
# variable set hash-table stats:
# Load=0/32=0%, Rehash=0, Collisions=0/0=0%

 
srcs/parsing/ft_pars_redirect.o: srcs/parsing/ft_pars_redirect.c includes/minishell.h
#  Implicit rule search has been done.
#  Implicit/static pattern stem: `srcs/parsing/ft_pars_redirect'
#  Last modified 2022-06-28 21:09:25
#  File has been updated.
#  Successfully updated.
# variable set hash-table stats:
# Load=0/32=0%, Rehash=0, Collisions=0/0=0%
#  commands to execute (from `Makefile', line 25):
	$(CC) $(FLAGS) -c $< -o $@ $(INCLUDES)
	

# Not a target:
srcs/parsing/ft_free.c:
#  Implicit rule search has been done.
#  Last modified 2022-06-28 12:32:42
#  File has been updated.
#  Successfully updated.
# variable set hash-table stats:
# Load=0/32=0%, Rehash=0, Collisions=0/0=0%

# Not a target:
srcs/parsing/check_syntax.c:
#  Implicit rule search has been done.
#  Last modified 2022-06-22 11:08:10
#  File has been updated.
#  Successfully updated.
# variable set hash-table stats:
# Load=0/32=0%, Rehash=0, Collisions=0/0=0%

srcs/builtins/builtin_unset.o: srcs/builtins/builtin_unset.c includes/minishell.h
#  Implicit rule search has been done.
#  Implicit/static pattern stem: `srcs/builtins/builtin_unset'
#  Last modified 2022-06-28 21:07:36
#  File has been updated.
#  Successfully updated.
# variable set hash-table stats:
# Load=0/32=0%, Rehash=0, Collisions=0/0=0%
#  commands to execute (from `Makefile', line 25):
	$(CC) $(FLAGS) -c $< -o $@ $(INCLUDES)
	

# Not a target:
srcs/parsing/ft_dollar.c:
#  Implicit rule search has been done.
#  Last modified 2022-06-28 20:40:35
#  File has been updated.
#  Successfully updated.
# variable set hash-table stats:
# Load=0/32=0%, Rehash=0, Collisions=0/0=0%

srcs/libft/ft_strnstr.o: srcs/libft/ft_strnstr.c includes/minishell.h
#  Implicit rule search has been done.
#  Implicit/static pattern stem: `srcs/libft/ft_strnstr'
#  Last modified 2022-06-28 21:07:37
#  File has been updated.
#  Successfully updated.
# variable set hash-table stats:
# Load=0/32=0%, Rehash=0, Collisions=0/0=0%
#  commands to execute (from `Makefile', line 25):
	$(CC) $(FLAGS) -c $< -o $@ $(INCLUDES)
	

srcs/parsing/ft_quot.o: srcs/parsing/ft_quot.c includes/minishell.h
#  Implicit rule search has been done.
#  Implicit/static pattern stem: `srcs/parsing/ft_quot'
#  Last modified 2022-06-28 21:07:36
#  File has been updated.
#  Successfully updated.
# variable set hash-table stats:
# Load=0/32=0%, Rehash=0, Collisions=0/0=0%
#  commands to execute (from `Makefile', line 25):
	$(CC) $(FLAGS) -c $< -o $@ $(INCLUDES)
	

srcs/libft/ft_putstr_fd.o: srcs/libft/ft_putstr_fd.c includes/minishell.h
#  Implicit rule search has been done.
#  Implicit/static pattern stem: `srcs/libft/ft_putstr_fd'
#  Last modified 2022-06-28 21:07:37
#  File has been updated.
#  Successfully updated.
# variable set hash-table stats:
# Load=0/32=0%, Rehash=0, Collisions=0/0=0%
#  commands to execute (from `Makefile', line 25):
	$(CC) $(FLAGS) -c $< -o $@ $(INCLUDES)
	

# files hash-table stats:
# Load=92/1024=9%, Rehash=0, Collisions=6/360=2%
# VPATH Search Paths

# No `vpath' search paths.

# No general (`VPATH' variable) search path.

# # of strings in strcache: 1
# # of strcache buffers: 1
# strcache size: total = 4096 / max = 4096 / min = 4096 / avg = 4096
# strcache free: total = 4087 / max = 4087 / min = 4087 / avg = 4087

# Finished Make data base on Tue Jun 28 21:09:41 2022

 
